<?xml version="1.0" encoding="UTF-8"?>
<!-- Generated by org.testng.reporters.JUnitXMLReporter -->
<testsuite ignored="1" hostname="User" failures="1" tests="3" name="Regression Test" time="47.094" errors="0" timestamp="2023-07-02T22:23:52 EDT">
  <testcase classname="testPkg.SearchFunctionalityTest" name="validateSearchTxtBoxEnabled" time="13.95">
    <failure type="java.lang.AssertionError" message="expected [false] but found [true]">
      <![CDATA[java.lang.AssertionError: expected [false] but found [true]
at testPkg.SearchFunctionalityTest.validateSearchTxtBoxEnabled(SearchFunctionalityTest.java:83)
at java.base/java.util.ArrayList.forEach(ArrayList.java:1511)
... Removed 31 stack frames]]>
    </failure>
  </testcase> <!-- validateSearchTxtBoxEnabled -->
  <testcase classname="testPkg.SearchFunctionalityTest" name="positiveSearchFunctionalityTestHittingEnterKey" time="0.0">
    <skipped/>
  </testcase> <!-- positiveSearchFunctionalityTestHittingEnterKey -->
  <testcase classname="testPkg.SearchFunctionalityTest" name="negativeSearchFunctionalityTestByClickSearchBtn" time="0.0">
    <skipped/>
  </testcase> <!-- negativeSearchFunctionalityTestByClickSearchBtn -->
  <testcase classname="testPkg.SearchFunctionalityTest" name="positiveSearchFunctionalityTestByClickingSearchBtn" time="0.0">
    <ignored/>
  </testcase> <!-- positiveSearchFunctionalityTestByClickingSearchBtn -->
</testsuite> <!-- Regression Test -->
