<?xml version="1.0" encoding="UTF-8"?>
<!-- Generated by org.testng.reporters.JUnitXMLReporter -->
<testsuite ignored="5" hostname="User" failures="1" tests="1" name="Smoke Test" time="41.795" errors="0" timestamp="2023-07-02T22:50:33 EDT">
  <testcase classname="testPkg.SearchFunctionalityTest" name="validateSearchTxtBoxEnabled" time="4.061">
    <failure type="java.lang.AssertionError" message="expected [false] but found [true]">
      <![CDATA[java.lang.AssertionError: expected [false] but found [true]
at testPkg.SearchFunctionalityTest.validateSearchTxtBoxEnabled(SearchFunctionalityTest.java:83)
at java.base/java.util.ArrayList.forEach(ArrayList.java:1511)
... Removed 31 stack frames]]>
    </failure>
  </testcase> <!-- validateSearchTxtBoxEnabled -->
  <testcase classname="testPkg.SearchFunctionalityTest" name="negativeSearchFunctionalityTestByClickSearchBtn" time="0.0">
    <ignored/>
  </testcase> <!-- negativeSearchFunctionalityTestByClickSearchBtn -->
  <testcase classname="testPkg.LoginFunctionalityTest" name="negativeLoginFunctionalityTest" time="0.0">
    <ignored/>
  </testcase> <!-- negativeLoginFunctionalityTest -->
  <testcase classname="testPkg.LoginFunctionalityTest" name="negativeLoginFunctionalityTestUsingKeyboardKeys" time="0.0">
    <ignored/>
  </testcase> <!-- negativeLoginFunctionalityTestUsingKeyboardKeys -->
  <testcase classname="testPkg.SearchFunctionalityTest" name="positiveSearchFunctionalityTestByClickingSearchBtn" time="0.0">
    <ignored/>
  </testcase> <!-- positiveSearchFunctionalityTestByClickingSearchBtn -->
  <testcase classname="testPkg.SearchFunctionalityTest" name="positiveSearchFunctionalityTestHittingEnterKey" time="0.0">
    <ignored/>
  </testcase> <!-- positiveSearchFunctionalityTestHittingEnterKey -->
</testsuite> <!-- Smoke Test -->
